2023-07-03 19:59:05,364 - piloto - INFO - Piloto: PENELOPE CHARMOSA ..... volta  1 em 0.01000 segundos
2023-07-03 19:59:05,367 - piloto - INFO - Piloto: DICK VIGARISTA    ..... volta  1 em 0.01282 segundos
2023-07-03 19:59:05,367 - piloto - INFO - Piloto: RUFUS LENHADOR    ..... volta  1 em 0.01136 segundos
2023-07-03 19:59:05,369 - piloto - INFO - Piloto: PETER PERFEITO    ..... volta  1 em 0.01370 segundos
2023-07-03 19:59:05,378 - piloto - INFO - Piloto: PENELOPE CHARMOSA ..... volta  2 em 0.01220 segundos
2023-07-03 19:59:05,381 - piloto - INFO - Piloto: DICK VIGARISTA    ..... volta  2 em 0.01176 segundos
2023-07-03 19:59:05,383 - piloto - INFO - Piloto: PETER PERFEITO    ..... volta  2 em 0.01031 segundos
2023-07-03 19:59:05,384 - piloto - INFO - Piloto: RUFUS LENHADOR    ..... volta  2 em 0.01471 segundos
2023-07-03 19:59:05,393 - piloto - INFO - Piloto: PENELOPE CHARMOSA ..... volta  3 em 0.01282 segundos
2023-07-03 19:59:05,393 - piloto - INFO - Piloto: DICK VIGARISTA    ..... volta  3 em 0.01149 segundos
2023-07-03 19:59:05,400 - piloto - INFO - Piloto: PETER PERFEITO    ..... volta  3 em 0.01176 segundos
2023-07-03 19:59:05,404 - piloto - INFO - Piloto: RUFUS LENHADOR    ..... volta  3 em 0.01408 segundos
2023-07-03 19:59:05,406 - piloto - INFO - Piloto: PENELOPE CHARMOSA ..... volta  4 em 0.01250 segundos
2023-07-03 19:59:05,407 - piloto - INFO - Piloto: DICK VIGARISTA    ..... volta  4 em 0.01266 segundos
2023-07-03 19:59:05,419 - piloto - INFO - Piloto: RUFUS LENHADOR    ..... volta  4 em 0.01333 segundos
2023-07-03 19:59:05,422 - piloto - INFO - Piloto: DICK VIGARISTA    ..... volta  5 em 0.01010 segundos
2023-07-03 19:59:05,425 - piloto - INFO - Piloto: PETER PERFEITO    ..... volta  4 em 0.01923 segundos
2023-07-03 19:59:05,426 - piloto - INFO - Piloto: PENELOPE CHARMOSA ..... volta  5 em 0.01724 segundos
2023-07-03 19:59:05,439 - piloto - INFO - Piloto: PETER PERFEITO    ..... volta  5 em 0.01064 segundos
2023-07-03 19:59:05,444 - piloto - INFO - Piloto: DICK VIGARISTA    ..... volta  6 em 0.01471 segundos
2023-07-03 19:59:05,446 - piloto - INFO - Piloto: PENELOPE CHARMOSA ..... volta  6 em 0.01020 segundos
2023-07-03 19:59:05,448 - piloto - INFO - Piloto: RUFUS LENHADOR    ..... volta  5 em 0.01754 segundos
2023-07-03 19:59:05,458 - piloto - INFO - Piloto: PETER PERFEITO    ..... volta  6 em 0.01316 segundos
2023-07-03 19:59:05,460 - piloto - INFO - Piloto: DICK VIGARISTA    ..... volta  7 em 0.01370 segundos
2023-07-03 19:59:05,462 - piloto - INFO - Piloto: RUFUS LENHADOR    ..... volta  6 em 0.01235 segundos
2023-07-03 19:59:05,463 - piloto - INFO - Piloto: PENELOPE CHARMOSA ..... volta  7 em 0.01471 segundos
2023-07-03 19:59:05,477 - piloto - INFO - Piloto: PETER PERFEITO    ..... volta  7 em 0.01613 segundos
2023-07-03 19:59:05,478 - piloto - INFO - Piloto: DICK VIGARISTA    ..... volta  8 em 0.01316 segundos
2023-07-03 19:59:05,479 - piloto - INFO - Piloto: PENELOPE CHARMOSA ..... volta  8 em 0.01075 segundos
2023-07-03 19:59:05,483 - piloto - INFO - Piloto: RUFUS LENHADOR    ..... volta  7 em 0.01961 segundos
2023-07-03 19:59:05,492 - piloto - INFO - Piloto: PENELOPE CHARMOSA ..... volta  9 em 0.01176 segundos
2023-07-03 19:59:05,495 - piloto - INFO - Piloto: RUFUS LENHADOR    ..... volta  8 em 0.01031 segundos
2023-07-03 19:59:05,497 - piloto - INFO - Piloto: DICK VIGARISTA    ..... volta  9 em 0.01724 segundos
2023-07-03 19:59:05,506 - piloto - INFO - Piloto: PETER PERFEITO    ..... volta  8 em 0.02000 segundos
2023-07-03 19:59:05,508 - piloto - INFO - Piloto: PENELOPE CHARMOSA ..... volta 10 em 0.01449 segundos
2023-07-03 19:59:05,510 - piloto - INFO - Piloto: DICK VIGARISTA    ..... volta 10 em 0.01205 segundos
2023-07-03 19:59:05,511 - piloto - INFO - Piloto: RUFUS LENHADOR    ..... volta  9 em 0.01471 segundos
2023-07-03 19:59:05,524 - piloto - INFO - Piloto: PENELOPE CHARMOSA ..... volta 11 em 0.01190 segundos
2023-07-03 19:59:05,527 - piloto - INFO - Piloto: DICK VIGARISTA    ..... volta 11 em 0.01075 segundos
2023-07-03 19:59:05,528 - piloto - INFO - Piloto: PETER PERFEITO    ..... volta  9 em 0.01639 segundos
2023-07-03 19:59:05,530 - piloto - INFO - Piloto: RUFUS LENHADOR    ..... volta 10 em 0.01724 segundos
2023-07-03 19:59:05,542 - piloto - INFO - Piloto: DICK VIGARISTA    ..... volta 12 em 0.01299 segundos
2023-07-03 19:59:05,547 - piloto - INFO - Piloto: PENELOPE CHARMOSA ..... volta 12 em 0.02000 segundos
2023-07-03 19:59:05,547 - piloto - INFO - Piloto: PETER PERFEITO    ..... volta 10 em 0.01724 segundos
2023-07-03 19:59:05,555 - piloto - INFO - Piloto: RUFUS LENHADOR    ..... volta 11 em 0.02000 segundos
2023-07-03 19:59:05,559 - piloto - INFO - Piloto: DICK VIGARISTA    ..... volta 13 em 0.01429 segundos
2023-07-03 19:59:05,560 - piloto - INFO - Piloto: PENELOPE CHARMOSA ..... volta 13 em 0.01163 segundos
2023-07-03 19:59:05,563 - piloto - INFO - Piloto: PETER PERFEITO    ..... volta 11 em 0.01449 segundos
2023-07-03 19:59:05,575 - piloto - INFO - Piloto: RUFUS LENHADOR    ..... volta 12 em 0.01000 segundos
2023-07-03 19:59:05,576 - piloto - INFO - Piloto: DICK VIGARISTA    ..... volta 14 em 0.01010 segundos
2023-07-03 19:59:05,576 - piloto - INFO - Piloto: PENELOPE CHARMOSA ..... volta 14 em 0.01020 segundos
2023-07-03 19:59:05,583 - piloto - INFO - Piloto: PETER PERFEITO    ..... volta 12 em 0.01852 segundos
2023-07-03 19:59:05,590 - piloto - INFO - Piloto: DICK VIGARISTA    ..... volta 15 em 0.01220 segundos
2023-07-03 19:59:05,593 - piloto - INFO - Piloto: RUFUS LENHADOR    ..... volta 13 em 0.01667 segundos
2023-07-03 19:59:05,599 - piloto - INFO - Piloto: PENELOPE CHARMOSA ..... volta 15 em 0.01818 segundos
2023-07-03 19:59:05,604 - piloto - INFO - Piloto: PETER PERFEITO    ..... volta 13 em 0.01282 segundos
2023-07-03 19:59:05,607 - piloto - INFO - Piloto: DICK VIGARISTA    ..... volta 16 em 0.01538 segundos
2023-07-03 19:59:05,609 - piloto - INFO - Piloto: RUFUS LENHADOR    ..... volta 14 em 0.01235 segundos
2023-07-03 19:59:05,613 - piloto - INFO - Piloto: PENELOPE CHARMOSA ..... volta 16 em 0.01149 segundos
2023-07-03 19:59:05,621 - piloto - INFO - Piloto: PETER PERFEITO    ..... volta 14 em 0.01282 segundos
2023-07-03 19:59:05,631 - piloto - INFO - Piloto: RUFUS LENHADOR    ..... volta 15 em 0.01429 segundos
2023-07-03 19:59:05,632 - piloto - INFO - Piloto: DICK VIGARISTA    ..... volta 17 em 0.01667 segundos
2023-07-03 19:59:05,633 - piloto - INFO - Piloto: PENELOPE CHARMOSA ..... volta 17 em 0.01316 segundos
2023-07-03 19:59:05,645 - piloto - INFO - Piloto: PETER PERFEITO    ..... volta 15 em 0.01235 segundos
2023-07-03 19:59:05,645 - piloto - INFO - Piloto: DICK VIGARISTA    ..... volta 18 em 0.01163 segundos
2023-07-03 19:59:05,648 - piloto - INFO - Piloto: RUFUS LENHADOR    ..... volta 16 em 0.01613 segundos
2023-07-03 19:59:05,649 - piloto - INFO - Piloto: PENELOPE CHARMOSA ..... volta 18 em 0.01408 segundos
2023-07-03 19:59:05,663 - piloto - INFO - Piloto: PENELOPE CHARMOSA ..... volta 19 em 0.01282 segundos
2023-07-03 19:59:05,664 - piloto - INFO - Piloto: RUFUS LENHADOR    ..... volta 17 em 0.01587 segundos
2023-07-03 19:59:05,665 - piloto - INFO - Piloto: PETER PERFEITO    ..... volta 16 em 0.02000 segundos
2023-07-03 19:59:05,665 - piloto - INFO - Piloto: DICK VIGARISTA    ..... volta 19 em 0.01961 segundos
2023-07-03 19:59:05,678 - piloto - INFO - Piloto: RUFUS LENHADOR    ..... volta 18 em 0.01316 segundos
2023-07-03 19:59:05,680 - piloto - INFO - Piloto: PENELOPE CHARMOSA ..... volta 20 em 0.01562 segundos
2023-07-03 19:59:05,682 - piloto - INFO - Piloto: PETER PERFEITO    ..... volta 17 em 0.01613 segundos
2023-07-03 19:59:05,688 - piloto - INFO - Piloto: DICK VIGARISTA    ..... volta 20 em 0.01961 segundos
2023-07-03 19:59:05,696 - piloto - INFO - Piloto: RUFUS LENHADOR    ..... volta 19 em 0.01613 segundos
2023-07-03 19:59:05,698 - piloto - INFO - Piloto: PENELOPE CHARMOSA ..... volta 21 em 0.01754 segundos
2023-07-03 19:59:05,700 - piloto - INFO - Piloto: DICK VIGARISTA    ..... volta 21 em 0.01053 segundos
2023-07-03 19:59:05,710 - piloto - INFO - Piloto: PETER PERFEITO    ..... volta 18 em 0.01961 segundos
2023-07-03 19:59:05,715 - piloto - INFO - Piloto: RUFUS LENHADOR    ..... volta 20 em 0.01190 segundos
2023-07-03 19:59:05,716 - piloto - INFO - Piloto: PENELOPE CHARMOSA ..... volta 22 em 0.01250 segundos
2023-07-03 19:59:05,720 - piloto - INFO - Piloto: DICK VIGARISTA    ..... volta 22 em 0.01786 segundos
2023-07-03 19:59:05,728 - piloto - INFO - Piloto: PETER PERFEITO    ..... volta 19 em 0.01562 segundos
2023-07-03 19:59:05,729 - piloto - INFO - Piloto: PENELOPE CHARMOSA ..... volta 23 em 0.01176 segundos
2023-07-03 19:59:05,731 - piloto - INFO - Piloto: RUFUS LENHADOR    ..... volta 21 em 0.01493 segundos
2023-07-03 19:59:05,740 - piloto - INFO - Piloto: PETER PERFEITO    ..... volta 20 em 0.01064 segundos
2023-07-03 19:59:05,741 - piloto - INFO - Piloto: DICK VIGARISTA    ..... volta 23 em 0.01587 segundos
2023-07-03 19:59:05,748 - piloto - INFO - Piloto: RUFUS LENHADOR    ..... volta 22 em 0.01299 segundos
2023-07-03 19:59:05,748 - piloto - INFO - Piloto: PENELOPE CHARMOSA ..... volta 24 em 0.01515 segundos
2023-07-03 19:59:05,757 - piloto - INFO - Piloto: DICK VIGARISTA    ..... volta 24 em 0.01351 segundos
2023-07-03 19:59:05,762 - piloto - INFO - Piloto: PETER PERFEITO    ..... volta 21 em 0.01961 segundos
2023-07-03 19:59:05,765 - piloto - INFO - Piloto: PENELOPE CHARMOSA ..... volta 25 em 0.01562 segundos
2023-07-03 19:59:05,766 - piloto - INFO - Piloto: RUFUS LENHADOR    ..... volta 23 em 0.01613 segundos
2023-07-03 19:59:05,774 - piloto - INFO - Piloto: DICK VIGARISTA    ..... volta 25 em 0.01449 segundos
2023-07-03 19:59:05,775 - piloto - INFO - Piloto: PETER PERFEITO    ..... volta 22 em 0.01064 segundos
2023-07-03 19:59:05,780 - piloto - INFO - Piloto: PENELOPE CHARMOSA ..... volta 26 em 0.01370 segundos
2023-07-03 19:59:05,784 - piloto - INFO - Piloto: RUFUS LENHADOR    ..... volta 24 em 0.01695 segundos
2023-07-03 19:59:05,790 - piloto - INFO - Piloto: DICK VIGARISTA    ..... volta 26 em 0.01149 segundos
2023-07-03 19:59:05,791 - piloto - INFO - Piloto: PETER PERFEITO    ..... volta 23 em 0.01042 segundos
2023-07-03 19:59:05,798 - piloto - INFO - Piloto: RUFUS LENHADOR    ..... volta 25 em 0.01235 segundos
2023-07-03 19:59:05,799 - piloto - INFO - Piloto: PENELOPE CHARMOSA ..... volta 27 em 0.01639 segundos
2023-07-03 19:59:05,806 - piloto - INFO - Piloto: DICK VIGARISTA    ..... volta 27 em 0.01370 segundos
2023-07-03 19:59:05,807 - piloto - INFO - Piloto: PETER PERFEITO    ..... volta 24 em 0.01389 segundos
2023-07-03 19:59:05,814 - piloto - INFO - Piloto: RUFUS LENHADOR    ..... volta 26 em 0.01538 segundos
2023-07-03 19:59:05,816 - piloto - INFO - Piloto: PENELOPE CHARMOSA ..... volta 28 em 0.01667 segundos
2023-07-03 19:59:05,822 - piloto - INFO - Piloto: DICK VIGARISTA    ..... volta 28 em 0.01163 segundos
2023-07-03 19:59:05,827 - piloto - INFO - Piloto: PETER PERFEITO    ..... volta 25 em 0.01786 segundos
2023-07-03 19:59:05,828 - piloto - INFO - Piloto: RUFUS LENHADOR    ..... volta 27 em 0.01163 segundos
2023-07-03 19:59:05,837 - piloto - INFO - Piloto: DICK VIGARISTA    ..... volta 29 em 0.01250 segundos
2023-07-03 19:59:05,840 - piloto - INFO - Piloto: RUFUS LENHADOR    ..... volta 28 em 0.01010 segundos
2023-07-03 19:59:05,843 - piloto - INFO - Piloto: PENELOPE CHARMOSA ..... volta 29 em 0.02000 segundos
2023-07-03 19:59:05,844 - piloto - INFO - Piloto: PETER PERFEITO    ..... volta 26 em 0.01333 segundos
2023-07-03 19:59:05,850 - piloto - INFO - Piloto: DICK VIGARISTA    ..... volta 30 em 0.01163 segundos
2023-07-03 19:59:05,858 - piloto - INFO - Piloto: RUFUS LENHADOR    ..... volta 29 em 0.01064 segundos
2023-07-03 19:59:05,860 - piloto - INFO - Piloto: PETER PERFEITO    ..... volta 27 em 0.01333 segundos
2023-07-03 19:59:05,864 - piloto - INFO - Piloto: DICK VIGARISTA    ..... volta 31 em 0.01053 segundos
2023-07-03 19:59:05,864 - piloto - INFO - Piloto: PENELOPE CHARMOSA ..... volta 30 em 0.01695 segundos
2023-07-03 19:59:05,875 - piloto - INFO - Piloto: PETER PERFEITO    ..... volta 28 em 0.01075 segundos
2023-07-03 19:59:05,877 - piloto - INFO - Piloto: RUFUS LENHADOR    ..... volta 30 em 0.01639 segundos
2023-07-03 19:59:05,880 - piloto - INFO - Piloto: DICK VIGARISTA    ..... volta 32 em 0.01282 segundos
2023-07-03 19:59:05,882 - piloto - INFO - Piloto: PENELOPE CHARMOSA ..... volta 31 em 0.01333 segundos
2023-07-03 19:59:05,892 - piloto - INFO - Piloto: DICK VIGARISTA    ..... volta 33 em 0.01042 segundos
2023-07-03 19:59:05,895 - piloto - INFO - Piloto: PETER PERFEITO    ..... volta 29 em 0.01923 segundos
2023-07-03 19:59:05,897 - piloto - INFO - Piloto: PENELOPE CHARMOSA ..... volta 32 em 0.01190 segundos
2023-07-03 19:59:05,898 - piloto - INFO - Piloto: RUFUS LENHADOR    ..... volta 31 em 0.01754 segundos
2023-07-03 19:59:05,907 - piloto - INFO - Piloto: PETER PERFEITO    ..... volta 30 em 0.01020 segundos
2023-07-03 19:59:05,910 - piloto - INFO - Piloto: PENELOPE CHARMOSA ..... volta 33 em 0.01176 segundos
2023-07-03 19:59:05,914 - piloto - INFO - Piloto: DICK VIGARISTA    ..... volta 34 em 0.02000 segundos
2023-07-03 19:59:05,917 - piloto - INFO - Piloto: RUFUS LENHADOR    ..... volta 32 em 0.01754 segundos
2023-07-03 19:59:05,920 - piloto - INFO - Piloto: PETER PERFEITO    ..... volta 31 em 0.01149 segundos
2023-07-03 19:59:05,923 - piloto - INFO - Piloto: PENELOPE CHARMOSA ..... volta 34 em 0.01190 segundos
2023-07-03 19:59:05,926 - piloto - INFO - Piloto: DICK VIGARISTA    ..... volta 35 em 0.01064 segundos
2023-07-03 19:59:05,930 - piloto - INFO - Piloto: RUFUS LENHADOR    ..... volta 33 em 0.01220 segundos
2023-07-03 19:59:05,940 - piloto - INFO - Piloto: DICK VIGARISTA    ..... volta 36 em 0.01042 segundos
2023-07-03 19:59:05,941 - piloto - INFO - Piloto: PETER PERFEITO    ..... volta 32 em 0.01493 segundos
2023-07-03 19:59:05,943 - piloto - INFO - Piloto: PENELOPE CHARMOSA ..... volta 35 em 0.01370 segundos
2023-07-03 19:59:05,943 - piloto - INFO - Piloto: RUFUS LENHADOR    ..... volta 34 em 0.01220 segundos
2023-07-03 19:59:05,954 - piloto - INFO - Piloto: DICK VIGARISTA    ..... volta 37 em 0.01176 segundos
2023-07-03 19:59:05,956 - piloto - INFO - Piloto: PENELOPE CHARMOSA ..... volta 36 em 0.01250 segundos
2023-07-03 19:59:05,958 - piloto - INFO - Piloto: PETER PERFEITO    ..... volta 33 em 0.01471 segundos
2023-07-03 19:59:05,963 - piloto - INFO - Piloto: RUFUS LENHADOR    ..... volta 35 em 0.01786 segundos
2023-07-03 19:59:05,970 - piloto - INFO - Piloto: PETER PERFEITO    ..... volta 34 em 0.01010 segundos
2023-07-03 19:59:05,975 - piloto - INFO - Piloto: PENELOPE CHARMOSA ..... volta 37 em 0.01471 segundos
2023-07-03 19:59:05,975 - piloto - INFO - Piloto: DICK VIGARISTA    ..... volta 38 em 0.01695 segundos
2023-07-03 19:59:05,982 - piloto - INFO - Piloto: RUFUS LENHADOR    ..... volta 36 em 0.01818 segundos
2023-07-03 19:59:05,990 - piloto - INFO - Piloto: DICK VIGARISTA    ..... volta 39 em 0.01205 segundos
2023-07-03 19:59:05,991 - piloto - INFO - Piloto: PENELOPE CHARMOSA ..... volta 38 em 0.01316 segundos
2023-07-03 19:59:05,992 - piloto - INFO - Piloto: PETER PERFEITO    ..... volta 35 em 0.01786 segundos
2023-07-03 19:59:06,007 - piloto - INFO - Piloto: RUFUS LENHADOR    ..... volta 37 em 0.01887 segundos
2023-07-03 19:59:06,009 - piloto - INFO - Piloto: DICK VIGARISTA    ..... volta 40 em 0.01000 segundos
2023-07-03 19:59:06,011 - piloto - INFO - Piloto: PETER PERFEITO    ..... volta 36 em 0.01250 segundos
2023-07-03 19:59:06,011 - piloto - INFO - Piloto: PENELOPE CHARMOSA ..... volta 39 em 0.01042 segundos
2023-07-03 19:59:06,021 - piloto - INFO - Piloto: RUFUS LENHADOR    ..... volta 38 em 0.01190 segundos
2023-07-03 19:59:06,028 - piloto - INFO - Piloto: PETER PERFEITO    ..... volta 37 em 0.01613 segundos
2023-07-03 19:59:06,030 - piloto - INFO - Piloto: DICK VIGARISTA    ..... volta 41 em 0.01923 segundos
2023-07-03 19:59:06,032 - piloto - INFO - Piloto: PENELOPE CHARMOSA ..... volta 40 em 0.01852 segundos
2023-07-03 19:59:06,036 - piloto - INFO - Piloto: RUFUS LENHADOR    ..... volta 39 em 0.01282 segundos
2023-07-03 19:59:06,040 - piloto - INFO - Piloto: PETER PERFEITO    ..... volta 38 em 0.01031 segundos
2023-07-03 19:59:06,044 - piloto - INFO - Piloto: DICK VIGARISTA    ..... volta 42 em 0.01282 segundos
2023-07-03 19:59:06,053 - piloto - INFO - Piloto: PENELOPE CHARMOSA ..... volta 41 em 0.01852 segundos
2023-07-03 19:59:06,057 - piloto - INFO - Piloto: RUFUS LENHADOR    ..... volta 40 em 0.01786 segundos
2023-07-03 19:59:06,058 - piloto - INFO - Piloto: DICK VIGARISTA    ..... volta 43 em 0.01266 segundos
2023-07-03 19:59:06,059 - piloto - INFO - Piloto: PETER PERFEITO    ..... volta 39 em 0.01818 segundos
2023-07-03 19:59:06,065 - piloto - INFO - Piloto: PENELOPE CHARMOSA ..... volta 42 em 0.01031 segundos
2023-07-03 19:59:06,077 - piloto - INFO - Piloto: DICK VIGARISTA    ..... volta 44 em 0.01667 segundos
2023-07-03 19:59:06,079 - piloto - INFO - Piloto: RUFUS LENHADOR    ..... volta 41 em 0.01786 segundos
2023-07-03 19:59:06,081 - piloto - INFO - Piloto: PETER PERFEITO    ..... volta 40 em 0.01538 segundos
2023-07-03 19:59:06,083 - piloto - INFO - Piloto: PENELOPE CHARMOSA ..... volta 43 em 0.01075 segundos
2023-07-03 19:59:06,092 - piloto - INFO - Piloto: DICK VIGARISTA    ..... volta 45 em 0.01099 segundos
2023-07-03 19:59:06,093 - piloto - INFO - Piloto: PETER PERFEITO    ..... volta 41 em 0.01000 segundos
2023-07-03 19:59:06,094 - piloto - INFO - Piloto: PENELOPE CHARMOSA ..... volta 44 em 0.01031 segundos
2023-07-03 19:59:06,103 - piloto - INFO - Piloto: RUFUS LENHADOR    ..... volta 42 em 0.02000 segundos
2023-07-03 19:59:06,106 - piloto - INFO - Piloto: PENELOPE CHARMOSA ..... volta 45 em 0.01031 segundos
2023-07-03 19:59:06,107 - piloto - INFO - Piloto: DICK VIGARISTA    ..... volta 46 em 0.01176 segundos
2023-07-03 19:59:06,113 - piloto - INFO - Piloto: PETER PERFEITO    ..... volta 42 em 0.01786 segundos
2023-07-03 19:59:06,122 - piloto - INFO - Piloto: DICK VIGARISTA    ..... volta 47 em 0.01124 segundos
2023-07-03 19:59:06,124 - piloto - INFO - Piloto: RUFUS LENHADOR    ..... volta 43 em 0.01667 segundos
2023-07-03 19:59:06,125 - piloto - INFO - Piloto: PENELOPE CHARMOSA ..... volta 46 em 0.01667 segundos
2023-07-03 19:59:06,127 - piloto - INFO - Piloto: PETER PERFEITO    ..... volta 43 em 0.01087 segundos
2023-07-03 19:59:06,138 - piloto - INFO - Piloto: RUFUS LENHADOR    ..... volta 44 em 0.01124 segundos
2023-07-03 19:59:06,141 - piloto - INFO - Piloto: DICK VIGARISTA    ..... volta 48 em 0.01282 segundos
2023-07-03 19:59:06,141 - piloto - INFO - Piloto: PENELOPE CHARMOSA ..... volta 47 em 0.01176 segundos
2023-07-03 19:59:06,142 - piloto - INFO - Piloto: PETER PERFEITO    ..... volta 44 em 0.01000 segundos
2023-07-03 19:59:06,154 - piloto - INFO - Piloto: PENELOPE CHARMOSA ..... volta 48 em 0.01136 segundos
2023-07-03 19:59:06,159 - piloto - INFO - Piloto: RUFUS LENHADOR    ..... volta 45 em 0.01786 segundos
2023-07-03 19:59:06,160 - piloto - INFO - Piloto: DICK VIGARISTA    ..... volta 49 em 0.01818 segundos
2023-07-03 19:59:06,161 - piloto - INFO - Piloto: PETER PERFEITO    ..... volta 45 em 0.01887 segundos
2023-07-03 19:59:06,170 - piloto - INFO - Piloto: PENELOPE CHARMOSA ..... volta 49 em 0.01250 segundos
2023-07-03 19:59:06,175 - piloto - INFO - Piloto: PETER PERFEITO    ..... volta 46 em 0.01282 segundos
2023-07-03 19:59:06,179 - piloto - INFO - Piloto: DICK VIGARISTA    ..... volta 50 em 0.01639 segundos
2023-07-03 19:59:06,180 - piloto - INFO - Piloto: RUFUS LENHADOR    ..... volta 46 em 0.01923 segundos
2023-07-03 19:59:06,185 - piloto - INFO - Piloto: PENELOPE CHARMOSA ..... volta 50 em 0.01235 segundos
2023-07-03 19:59:06,191 - piloto - INFO - Piloto: PETER PERFEITO    ..... volta 47 em 0.01429 segundos
2023-07-03 19:59:06,192 - piloto - INFO - Piloto: DICK VIGARISTA    ..... volta 51 em 0.01124 segundos
2023-07-03 19:59:06,194 - piloto - INFO - Piloto: RUFUS LENHADOR    ..... volta 47 em 0.01282 segundos
2023-07-03 19:59:06,203 - piloto - INFO - Piloto: PENELOPE CHARMOSA ..... volta 51 em 0.01333 segundos
2023-07-03 19:59:06,204 - piloto - INFO - Piloto: PETER PERFEITO    ..... volta 48 em 0.01053 segundos
2023-07-03 19:59:06,208 - piloto - INFO - Piloto: RUFUS LENHADOR    ..... volta 48 em 0.01205 segundos
2023-07-03 19:59:06,208 - piloto - INFO - Piloto: DICK VIGARISTA    ..... volta 52 em 0.01515 segundos
2023-07-03 19:59:06,216 - piloto - INFO - Piloto: PETER PERFEITO    ..... volta 49 em 0.01087 segundos
2023-07-03 19:59:06,224 - piloto - INFO - Piloto: RUFUS LENHADOR    ..... volta 49 em 0.01111 segundos
2023-07-03 19:59:06,226 - piloto - INFO - Piloto: DICK VIGARISTA    ..... volta 53 em 0.01053 segundos
2023-07-03 19:59:06,227 - piloto - INFO - Piloto: PENELOPE CHARMOSA ..... volta 52 em 0.01695 segundos
2023-07-03 19:59:06,228 - piloto - INFO - Piloto: PETER PERFEITO    ..... volta 50 em 0.01075 segundos
2023-07-03 19:59:06,240 - piloto - INFO - Piloto: RUFUS LENHADOR    ..... volta 50 em 0.01266 segundos
2023-07-03 19:59:06,242 - piloto - INFO - Piloto: DICK VIGARISTA    ..... volta 54 em 0.01316 segundos
2023-07-03 19:59:06,250 - piloto - INFO - Piloto: PETER PERFEITO    ..... volta 51 em 0.01124 segundos
2023-07-03 19:59:06,253 - piloto - INFO - Piloto: PENELOPE CHARMOSA ..... volta 53 em 0.01136 segundos
2023-07-03 19:59:06,258 - piloto - INFO - Piloto: DICK VIGARISTA    ..... volta 55 em 0.01163 segundos
2023-07-03 19:59:06,260 - piloto - INFO - Piloto: RUFUS LENHADOR    ..... volta 51 em 0.01724 segundos
2023-07-03 19:59:06,274 - piloto - INFO - Piloto: PENELOPE CHARMOSA ..... volta 54 em 0.01538 segundos
2023-07-03 19:59:06,277 - piloto - INFO - Piloto: RUFUS LENHADOR    ..... volta 52 em 0.01111 segundos
2023-07-03 19:59:06,278 - piloto - INFO - Piloto: PETER PERFEITO    ..... volta 52 em 0.01389 segundos
2023-07-03 19:59:06,293 - piloto - INFO - Piloto: DICK VIGARISTA    ..... volta 56 em 0.01887 segundos
2023-07-03 19:59:06,297 - piloto - INFO - Piloto: PENELOPE CHARMOSA ..... volta 55 em 0.01351 segundos
2023-07-03 19:59:06,298 - piloto - INFO - Piloto: PETER PERFEITO    ..... volta 53 em 0.01087 segundos
2023-07-03 19:59:06,306 - piloto - INFO - Piloto: RUFUS LENHADOR    ..... volta 53 em 0.01786 segundos
2023-07-03 19:59:06,307 - piloto - INFO - Piloto: DICK VIGARISTA    ..... volta 57 em 0.01205 segundos
2023-07-03 19:59:06,313 - piloto - INFO - Piloto: PETER PERFEITO    ..... volta 54 em 0.01389 segundos
2023-07-03 19:59:06,322 - piloto - INFO - Piloto: PENELOPE CHARMOSA ..... volta 56 em 0.01887 segundos
2023-07-03 19:59:06,323 - piloto - INFO - Piloto: RUFUS LENHADOR    ..... volta 54 em 0.01149 segundos
2023-07-03 19:59:06,326 - piloto - INFO - Piloto: DICK VIGARISTA    ..... volta 58 em 0.01515 segundos
2023-07-03 19:59:06,344 - piloto - INFO - Piloto: PETER PERFEITO    ..... volta 55 em 0.01923 segundos
2023-07-03 19:59:06,347 - piloto - INFO - Piloto: PENELOPE CHARMOSA ..... volta 57 em 0.01087 segundos
2023-07-03 19:59:06,357 - piloto - INFO - Piloto: RUFUS LENHADOR    ..... volta 55 em 0.01282 segundos
2023-07-03 19:59:06,359 - piloto - INFO - Piloto: PENELOPE CHARMOSA ..... volta 58 em 0.01000 segundos
2023-07-03 19:59:06,362 - piloto - INFO - Piloto: DICK VIGARISTA    ..... volta 59 em 0.01786 segundos
2023-07-03 19:59:06,362 - piloto - INFO - Piloto: PETER PERFEITO    ..... volta 56 em 0.01124 segundos
2023-07-03 19:59:06,376 - piloto - INFO - Piloto: RUFUS LENHADOR    ..... volta 56 em 0.01031 segundos
2023-07-03 19:59:06,381 - piloto - INFO - Piloto: PENELOPE CHARMOSA ..... volta 59 em 0.01562 segundos
2023-07-03 19:59:06,382 - piloto - INFO - Piloto: DICK VIGARISTA    ..... volta 60 em 0.01667 segundos
2023-07-03 19:59:06,384 - piloto - INFO - Piloto: PETER PERFEITO    ..... volta 57 em 0.01923 segundos
2023-07-03 19:59:06,393 - piloto - INFO - Piloto: RUFUS LENHADOR    ..... volta 57 em 0.01408 segundos
2023-07-03 19:59:06,400 - piloto - INFO - Piloto: PETER PERFEITO    ..... volta 58 em 0.01190 segundos
2023-07-03 19:59:06,406 - piloto - INFO - Piloto: PENELOPE CHARMOSA ..... volta 60 em 0.01667 segundos
2023-07-03 19:59:06,407 - piloto - INFO - Piloto: DICK VIGARISTA    ..... volta 61 em 0.01887 segundos
2023-07-03 19:59:06,413 - piloto - INFO - Piloto: RUFUS LENHADOR    ..... volta 58 em 0.01818 segundos
2023-07-03 19:59:06,415 - piloto - INFO - Piloto: PETER PERFEITO    ..... volta 59 em 0.01149 segundos
2023-07-03 19:59:06,420 - piloto - INFO - Piloto: PENELOPE CHARMOSA ..... volta 61 em 0.01087 segundos
2023-07-03 19:59:06,422 - piloto - INFO - Piloto: DICK VIGARISTA    ..... volta 62 em 0.01099 segundos
2023-07-03 19:59:06,426 - piloto - INFO - Piloto: RUFUS LENHADOR    ..... volta 59 em 0.01163 segundos
2023-07-03 19:59:06,437 - piloto - INFO - Piloto: DICK VIGARISTA    ..... volta 63 em 0.01075 segundos
2023-07-03 19:59:06,439 - piloto - INFO - Piloto: PETER PERFEITO    ..... volta 60 em 0.02000 segundos
2023-07-03 19:59:06,439 - piloto - INFO - Piloto: PENELOPE CHARMOSA ..... volta 62 em 0.01613 segundos
2023-07-03 19:59:06,447 - piloto - INFO - Piloto: RUFUS LENHADOR    ..... volta 60 em 0.02000 segundos
2023-07-03 19:59:06,455 - piloto - INFO - Piloto: PENELOPE CHARMOSA ..... volta 63 em 0.01124 segundos
2023-07-03 19:59:06,456 - piloto - INFO - Piloto: DICK VIGARISTA    ..... volta 64 em 0.01493 segundos
2023-07-03 19:59:06,457 - piloto - INFO - Piloto: PETER PERFEITO    ..... volta 61 em 0.01695 segundos
2023-07-03 19:59:06,464 - piloto - INFO - Piloto: RUFUS LENHADOR    ..... volta 61 em 0.01562 segundos
2023-07-03 19:59:06,471 - piloto - INFO - Piloto: DICK VIGARISTA    ..... volta 65 em 0.01235 segundos
2023-07-03 19:59:06,473 - piloto - INFO - Piloto: PENELOPE CHARMOSA ..... volta 64 em 0.01471 segundos
2023-07-03 19:59:06,474 - piloto - INFO - Piloto: PETER PERFEITO    ..... volta 62 em 0.01515 segundos
2023-07-03 19:59:06,476 - piloto - INFO - Piloto: RUFUS LENHADOR    ..... volta 62 em 0.01075 segundos
2023-07-03 19:59:06,487 - piloto - INFO - Piloto: DICK VIGARISTA    ..... volta 66 em 0.01031 segundos
2023-07-03 19:59:06,489 - piloto - INFO - Piloto: PENELOPE CHARMOSA ..... volta 65 em 0.01075 segundos
2023-07-03 19:59:06,491 - piloto - INFO - Piloto: PETER PERFEITO    ..... volta 63 em 0.01316 segundos
2023-07-03 19:59:06,497 - piloto - INFO - Piloto: RUFUS LENHADOR    ..... volta 63 em 0.01961 segundos
2023-07-03 19:59:06,503 - piloto - INFO - Piloto: PENELOPE CHARMOSA ..... volta 66 em 0.01064 segundos
2023-07-03 19:59:06,506 - piloto - INFO - Piloto: DICK VIGARISTA    ..... volta 67 em 0.01449 segundos
2023-07-03 19:59:06,506 - piloto - INFO - Piloto: PETER PERFEITO    ..... volta 64 em 0.01176 segundos
2023-07-03 19:59:06,509 - piloto - INFO - Piloto: RUFUS LENHADOR    ..... volta 64 em 0.01064 segundos
2023-07-03 19:59:06,520 - piloto - INFO - Piloto: PETER PERFEITO    ..... volta 65 em 0.01064 segundos
2023-07-03 19:59:06,522 - piloto - INFO - Piloto: DICK VIGARISTA    ..... volta 68 em 0.01042 segundos
2023-07-03 19:59:06,523 - piloto - INFO - Piloto: PENELOPE CHARMOSA ..... volta 67 em 0.01471 segundos
2023-07-03 19:59:06,523 - piloto - INFO - Piloto: RUFUS LENHADOR    ..... volta 65 em 0.01124 segundos
2023-07-03 19:59:06,536 - piloto - INFO - Piloto: PETER PERFEITO    ..... volta 66 em 0.01316 segundos
2023-07-03 19:59:06,539 - piloto - INFO - Piloto: PENELOPE CHARMOSA ..... volta 68 em 0.01149 segundos
2023-07-03 19:59:06,540 - piloto - INFO - Piloto: RUFUS LENHADOR    ..... volta 66 em 0.01429 segundos
2023-07-03 19:59:06,541 - piloto - INFO - Piloto: DICK VIGARISTA    ..... volta 69 em 0.01786 segundos
2023-07-03 19:59:06,549 - piloto - INFO - Piloto: PETER PERFEITO    ..... volta 67 em 0.01042 segundos
2023-07-03 19:59:06,559 - piloto - INFO - Piloto: DICK VIGARISTA    ..... volta 70 em 0.01667 segundos
2023-07-03 19:59:06,560 - piloto - INFO - Piloto: PENELOPE CHARMOSA ..... volta 69 em 0.01961 segundos
2023-07-03 19:59:06,561 - piloto - INFO - Piloto: RUFUS LENHADOR    ..... volta 67 em 0.02000 segundos
2023-07-03 19:59:06,564 - piloto - INFO - Piloto: PETER PERFEITO    ..... volta 68 em 0.01351 segundos
2023-07-03 19:59:06,575 - piloto - INFO - Piloto: PENELOPE CHARMOSA ..... volta 70 em 0.01370 segundos
2023-07-03 19:59:06,580 - piloto - INFO - Piloto: PETER PERFEITO    ..... volta 69 em 0.01053 segundos
2023-07-03 19:59:06,581 - piloto - INFO - Piloto: DICK VIGARISTA    ..... volta 71 em 0.01587 segundos
2023-07-03 19:59:06,582 - piloto - INFO - Piloto: RUFUS LENHADOR    ..... volta 68 em 0.01961 segundos
2023-07-03 19:59:06,593 - piloto - INFO - Piloto: PETER PERFEITO    ..... volta 70 em 0.01053 segundos
2023-07-03 19:59:06,596 - piloto - INFO - Piloto: DICK VIGARISTA    ..... volta 72 em 0.01031 segundos
2023-07-03 19:59:06,599 - piloto - INFO - Piloto: PENELOPE CHARMOSA ..... volta 71 em 0.01961 segundos
2023-07-03 19:59:06,599 - piloto - INFO - Piloto: RUFUS LENHADOR    ..... volta 69 em 0.01053 segundos
2023-07-03 19:59:06,607 - piloto - INFO - Piloto: PETER PERFEITO    ..... volta 71 em 0.01299 segundos
2023-07-03 19:59:06,608 - piloto - INFO - Piloto: DICK VIGARISTA    ..... volta 73 em 0.01149 segundos
2023-07-03 19:59:06,613 - piloto - INFO - Piloto: RUFUS LENHADOR    ..... volta 70 em 0.01299 segundos
2023-07-03 19:59:06,615 - piloto - INFO - Piloto: PENELOPE CHARMOSA ..... volta 72 em 0.01515 segundos
2023-07-03 19:59:06,623 - piloto - INFO - Piloto: DICK VIGARISTA    ..... volta 74 em 0.01136 segundos
2023-07-03 19:59:06,627 - piloto - INFO - Piloto: RUFUS LENHADOR    ..... volta 71 em 0.01163 segundos
2023-07-03 19:59:06,628 - piloto - INFO - Piloto: PETER PERFEITO    ..... volta 72 em 0.01923 segundos
2023-07-03 19:59:06,637 - piloto - INFO - Piloto: PENELOPE CHARMOSA ..... volta 73 em 0.02000 segundos
2023-07-03 19:59:06,641 - piloto - INFO - Piloto: PETER PERFEITO    ..... volta 73 em 0.01010 segundos
2023-07-03 19:59:06,643 - piloto - INFO - Piloto: RUFUS LENHADOR    ..... volta 72 em 0.01316 segundos
2023-07-03 19:59:06,644 - piloto - INFO - Piloto: DICK VIGARISTA    ..... volta 75 em 0.01887 segundos
2023-07-03 19:59:06,653 - piloto - INFO - Piloto: PENELOPE CHARMOSA ..... volta 74 em 0.01176 segundos
2023-07-03 19:59:06,657 - piloto - INFO - Piloto: RUFUS LENHADOR    ..... volta 73 em 0.01176 segundos
2023-07-03 19:59:06,657 - piloto - INFO - Piloto: PETER PERFEITO    ..... volta 74 em 0.01429 segundos
2023-07-03 19:59:06,665 - piloto - INFO - Piloto: DICK VIGARISTA    ..... volta 76 em 0.02000 segundos
2023-07-03 19:59:06,670 - piloto - INFO - Piloto: PETER PERFEITO    ..... volta 75 em 0.01075 segundos
2023-07-03 19:59:06,672 - piloto - INFO - Piloto: RUFUS LENHADOR    ..... volta 74 em 0.01266 segundos
2023-07-03 19:59:06,672 - piloto - INFO - Piloto: PENELOPE CHARMOSA ..... volta 75 em 0.01695 segundos
2023-07-03 19:59:06,681 - piloto - INFO - Piloto: DICK VIGARISTA    ..... volta 77 em 0.01515 segundos
2023-07-03 19:59:06,685 - piloto - INFO - Piloto: PENELOPE CHARMOSA ..... volta 76 em 0.01111 segundos
2023-07-03 19:59:06,688 - piloto - INFO - Piloto: RUFUS LENHADOR    ..... volta 75 em 0.01149 segundos
2023-07-03 19:59:06,689 - piloto - INFO - Piloto: PETER PERFEITO    ..... volta 76 em 0.01299 segundos
2023-07-03 19:59:06,695 - piloto - INFO - Piloto: DICK VIGARISTA    ..... volta 78 em 0.01235 segundos
2023-07-03 19:59:06,701 - piloto - INFO - Piloto: PENELOPE CHARMOSA ..... volta 77 em 0.01351 segundos
2023-07-03 19:59:06,707 - piloto - INFO - Piloto: RUFUS LENHADOR    ..... volta 76 em 0.01695 segundos
2023-07-03 19:59:06,708 - piloto - INFO - Piloto: DICK VIGARISTA    ..... volta 79 em 0.01136 segundos
2023-07-03 19:59:06,708 - piloto - INFO - Piloto: PETER PERFEITO    ..... volta 77 em 0.01754 segundos
2023-07-03 19:59:06,714 - piloto - INFO - Piloto: PENELOPE CHARMOSA ..... volta 78 em 0.01031 segundos
2023-07-03 19:59:06,722 - piloto - INFO - Piloto: PETER PERFEITO    ..... volta 78 em 0.01176 segundos
2023-07-03 19:59:06,725 - piloto - INFO - Piloto: RUFUS LENHADOR    ..... volta 77 em 0.01515 segundos
2023-07-03 19:59:06,726 - piloto - INFO - Piloto: PENELOPE CHARMOSA ..... volta 79 em 0.01053 segundos
2023-07-03 19:59:06,727 - piloto - INFO - Piloto: DICK VIGARISTA    ..... volta 80 em 0.01667 segundos
2023-07-03 19:59:06,740 - piloto - INFO - Piloto: PETER PERFEITO    ..... volta 79 em 0.01587 segundos
2023-07-03 19:59:06,745 - piloto - INFO - Piloto: DICK VIGARISTA    ..... volta 81 em 0.01695 segundos
2023-07-03 19:59:06,746 - piloto - INFO - Piloto: RUFUS LENHADOR    ..... volta 78 em 0.01923 segundos
2023-07-03 19:59:06,746 - piloto - INFO - Piloto: PENELOPE CHARMOSA ..... volta 80 em 0.01961 segundos
2023-07-03 19:59:06,758 - piloto - INFO - Piloto: PETER PERFEITO    ..... volta 80 em 0.01667 segundos
2023-07-03 19:59:06,760 - piloto - INFO - Piloto: PENELOPE CHARMOSA ..... volta 81 em 0.01250 segundos
2023-07-03 19:59:06,761 - piloto - INFO - Piloto: DICK VIGARISTA    ..... volta 82 em 0.01538 segundos
2023-07-03 19:59:06,763 - piloto - INFO - Piloto: RUFUS LENHADOR    ..... volta 79 em 0.01562 segundos
2023-07-03 19:59:06,773 - piloto - INFO - Piloto: PENELOPE CHARMOSA ..... volta 82 em 0.01149 segundos
2023-07-03 19:59:06,774 - piloto - INFO - Piloto: PETER PERFEITO    ..... volta 81 em 0.01282 segundos
2023-07-03 19:59:06,777 - piloto - INFO - Piloto: RUFUS LENHADOR    ..... volta 80 em 0.01235 segundos
2023-07-03 19:59:06,782 - piloto - INFO - Piloto: DICK VIGARISTA    ..... volta 83 em 0.01961 segundos
2023-07-03 19:59:06,787 - piloto - INFO - Piloto: PENELOPE CHARMOSA ..... volta 83 em 0.01149 segundos
2023-07-03 19:59:06,788 - piloto - INFO - Piloto: PETER PERFEITO    ..... volta 82 em 0.01299 segundos
2023-07-03 19:59:06,790 - piloto - INFO - Piloto: RUFUS LENHADOR    ..... volta 81 em 0.01220 segundos
2023-07-03 19:59:06,796 - piloto - INFO - Piloto: DICK VIGARISTA    ..... volta 84 em 0.01351 segundos
2023-07-03 19:59:06,804 - piloto - INFO - Piloto: RUFUS LENHADOR    ..... volta 82 em 0.01010 segundos
2023-07-03 19:59:06,805 - piloto - INFO - Piloto: PENELOPE CHARMOSA ..... volta 84 em 0.01389 segundos
2023-07-03 19:59:06,808 - piloto - INFO - Piloto: PETER PERFEITO    ..... volta 83 em 0.01754 segundos
2023-07-03 19:59:06,813 - piloto - INFO - Piloto: DICK VIGARISTA    ..... volta 85 em 0.01493 segundos
2023-07-03 19:59:06,817 - piloto - INFO - Piloto: PENELOPE CHARMOSA ..... volta 85 em 0.01053 segundos
2023-07-03 19:59:06,822 - piloto - INFO - Piloto: PETER PERFEITO    ..... volta 84 em 0.01266 segundos
2023-07-03 19:59:06,825 - piloto - INFO - Piloto: DICK VIGARISTA    ..... volta 86 em 0.01124 segundos
2023-07-03 19:59:06,826 - piloto - INFO - Piloto: RUFUS LENHADOR    ..... volta 83 em 0.01961 segundos
2023-07-03 19:59:06,831 - piloto - INFO - Piloto: PENELOPE CHARMOSA ..... volta 86 em 0.01250 segundos
2023-07-03 19:59:06,837 - piloto - INFO - Piloto: DICK VIGARISTA    ..... volta 87 em 0.01149 segundos
2023-07-03 19:59:06,840 - piloto - INFO - Piloto: PETER PERFEITO    ..... volta 85 em 0.01667 segundos
2023-07-03 19:59:06,843 - piloto - INFO - Piloto: PENELOPE CHARMOSA ..... volta 87 em 0.01075 segundos
2023-07-03 19:59:06,844 - piloto - INFO - Piloto: RUFUS LENHADOR    ..... volta 84 em 0.01613 segundos
2023-07-03 19:59:06,849 - piloto - INFO - Piloto: DICK VIGARISTA    ..... volta 88 em 0.01053 segundos
2023-07-03 19:59:06,855 - piloto - INFO - Piloto: PETER PERFEITO    ..... volta 86 em 0.01370 segundos
2023-07-03 19:59:06,856 - piloto - INFO - Piloto: PENELOPE CHARMOSA ..... volta 88 em 0.01087 segundos
2023-07-03 19:59:06,859 - piloto - INFO - Piloto: RUFUS LENHADOR    ..... volta 85 em 0.01351 segundos
2023-07-03 19:59:06,862 - piloto - INFO - Piloto: DICK VIGARISTA    ..... volta 89 em 0.01190 segundos
2023-07-03 19:59:06,872 - piloto - INFO - Piloto: PENELOPE CHARMOSA ..... volta 89 em 0.01316 segundos
2023-07-03 19:59:06,873 - piloto - INFO - Piloto: RUFUS LENHADOR    ..... volta 86 em 0.01176 segundos
2023-07-03 19:59:06,877 - piloto - INFO - Piloto: PETER PERFEITO    ..... volta 87 em 0.01923 segundos
2023-07-03 19:59:06,882 - piloto - INFO - Piloto: DICK VIGARISTA    ..... volta 90 em 0.01852 segundos
2023-07-03 19:59:06,889 - piloto - INFO - Piloto: PETER PERFEITO    ..... volta 88 em 0.01087 segundos
2023-07-03 19:59:06,890 - piloto - INFO - Piloto: PENELOPE CHARMOSA ..... volta 90 em 0.01639 segundos
2023-07-03 19:59:06,895 - piloto - INFO - Piloto: RUFUS LENHADOR    ..... volta 87 em 0.01961 segundos
2023-07-03 19:59:06,899 - piloto - INFO - Piloto: DICK VIGARISTA    ..... volta 91 em 0.01587 segundos
2023-07-03 19:59:06,907 - piloto - INFO - Piloto: PETER PERFEITO    ..... volta 89 em 0.01639 segundos
2023-07-03 19:59:06,909 - piloto - INFO - Piloto: PENELOPE CHARMOSA ..... volta 91 em 0.01786 segundos
2023-07-03 19:59:06,923 - piloto - INFO - Piloto: PETER PERFEITO    ..... volta 90 em 0.01000 segundos
2023-07-03 19:59:06,947 - piloto - INFO - Piloto: PENELOPE CHARMOSA ..... volta 92 em 0.01266 segundos
2023-07-03 19:59:06,948 - piloto - INFO - Piloto: RUFUS LENHADOR    ..... volta 88 em 0.01923 segundos
2023-07-03 19:59:06,958 - piloto - INFO - Piloto: PETER PERFEITO    ..... volta 91 em 0.01370 segundos
2023-07-03 19:59:06,958 - piloto - INFO - Piloto: DICK VIGARISTA    ..... volta 92 em 0.01639 segundos
2023-07-03 19:59:06,963 - piloto - INFO - Piloto: RUFUS LENHADOR    ..... volta 89 em 0.01235 segundos
2023-07-03 19:59:06,979 - piloto - INFO - Piloto: DICK VIGARISTA    ..... volta 93 em 0.01961 segundos
2023-07-03 19:59:06,980 - piloto - INFO - Piloto: RUFUS LENHADOR    ..... volta 90 em 0.01449 segundos
2023-07-03 19:59:07,007 - piloto - INFO - Piloto: PENELOPE CHARMOSA ..... volta 93 em 0.01316 segundos
2023-07-03 19:59:07,008 - piloto - INFO - Piloto: DICK VIGARISTA    ..... volta 94 em 0.01695 segundos
2023-07-03 19:59:07,009 - piloto - INFO - Piloto: RUFUS LENHADOR    ..... volta 91 em 0.01923 segundos
2023-07-03 19:59:07,010 - piloto - INFO - Piloto: PETER PERFEITO    ..... volta 92 em 0.01471 segundos
2023-07-03 19:59:07,021 - piloto - INFO - Piloto: DICK VIGARISTA    ..... volta 95 em 0.01124 segundos
2023-07-03 19:59:07,023 - piloto - INFO - Piloto: RUFUS LENHADOR    ..... volta 92 em 0.01220 segundos
2023-07-03 19:59:07,032 - piloto - INFO - Piloto: PETER PERFEITO    ..... volta 93 em 0.01266 segundos
2023-07-03 19:59:07,033 - piloto - INFO - Piloto: PENELOPE CHARMOSA ..... volta 94 em 0.01031 segundos
2023-07-03 19:59:07,042 - piloto - INFO - Piloto: DICK VIGARISTA    ..... volta 96 em 0.01923 segundos
2023-07-03 19:59:07,042 - piloto - INFO - Piloto: RUFUS LENHADOR    ..... volta 93 em 0.01852 segundos
2023-07-03 19:59:07,048 - piloto - INFO - Piloto: PENELOPE CHARMOSA ..... volta 95 em 0.01316 segundos
2023-07-03 19:59:07,055 - piloto - INFO - Piloto: PETER PERFEITO    ..... volta 94 em 0.01449 segundos
2023-07-03 19:59:07,064 - piloto - INFO - Piloto: DICK VIGARISTA    ..... volta 97 em 0.01149 segundos
2023-07-03 19:59:07,065 - piloto - INFO - Piloto: RUFUS LENHADOR    ..... volta 94 em 0.01695 segundos
2023-07-03 19:59:07,070 - piloto - INFO - Piloto: PENELOPE CHARMOSA ..... volta 96 em 0.01667 segundos
2023-07-03 19:59:07,071 - piloto - INFO - Piloto: PETER PERFEITO    ..... volta 95 em 0.01235 segundos
2023-07-03 19:59:07,079 - piloto - INFO - Piloto: RUFUS LENHADOR    ..... volta 95 em 0.01020 segundos
2023-07-03 19:59:07,082 - piloto - INFO - Piloto: DICK VIGARISTA    ..... volta 98 em 0.01408 segundos
2023-07-03 19:59:07,085 - piloto - INFO - Piloto: PETER PERFEITO    ..... volta 96 em 0.01250 segundos
2023-07-03 19:59:07,087 - piloto - INFO - Piloto: PENELOPE CHARMOSA ..... volta 97 em 0.01562 segundos
2023-07-03 19:59:07,096 - piloto - INFO - Piloto: RUFUS LENHADOR    ..... volta 96 em 0.01538 segundos
2023-07-03 19:59:07,098 - piloto - INFO - Piloto: DICK VIGARISTA    ..... volta 99 em 0.01351 segundos
2023-07-03 19:59:07,103 - piloto - INFO - Piloto: PETER PERFEITO    ..... volta 97 em 0.01064 segundos
2023-07-03 19:59:07,106 - piloto - INFO - Piloto: PENELOPE CHARMOSA ..... volta 98 em 0.01639 segundos
2023-07-03 19:59:07,109 - piloto - INFO - Piloto: RUFUS LENHADOR    ..... volta 97 em 0.01064 segundos
2023-07-03 19:59:07,111 - chegada - WARNING - Piloto: DICK VIGARISTA    ..... volta 100 em 0.01250 segundos ..... RECEBEU BANDEIRADA
2023-07-03 19:59:07,118 - piloto - INFO - Piloto: PETER PERFEITO    ..... volta 98 em 0.01031 segundos
2023-07-03 19:59:07,120 - piloto - INFO - Piloto: PENELOPE CHARMOSA ..... volta 99 em 0.01176 segundos
2023-07-03 19:59:07,124 - piloto - INFO - Piloto: RUFUS LENHADOR    ..... volta 98 em 0.01351 segundos
2023-07-03 19:59:07,136 - piloto - INFO - Piloto: PETER PERFEITO    ..... volta 99 em 0.01408 segundos
2023-07-03 19:59:07,138 - piloto - INFO - Piloto: RUFUS LENHADOR    ..... volta 99 em 0.01010 segundos
2023-07-03 19:59:07,139 - chegada - WARNING - Piloto: PENELOPE CHARMOSA ..... volta 100 em 0.01587 segundos ..... RECEBEU BANDEIRADA
2023-07-03 19:59:07,148 - chegada - WARNING - Piloto: PETER PERFEITO    ..... volta 100 em 0.01064 segundos ..... RECEBEU BANDEIRADA
2023-07-03 19:59:07,159 - chegada - WARNING - Piloto: RUFUS LENHADOR    ..... volta 100 em 0.01923 segundos ..... RECEBEU BANDEIRADA
